19:46:23 74.0
19:46:26 74.0
19:46:29 73.4
19:46:32 73.0
19:46:35 83.0
19:46:38 83.5
START
19:46:41 86.2
19:46:44 86.7
19:46:47 87.3
19:46:50 85.3
19:46:53 83.0
19:46:56 83.2
PERIOD=7
19:46:59 82.7
19:47:06 81.5
19:47:13 79.0
19:47:20 78.4
19:47:27 78.4
19:47:34 78.5
19:47:41 78.2
DISP Y
19:47:48 77.8
19:47:56 76.3
19:48:03 75.9
19:48:10 76.2
19:48:17 76.5
19:48:24 75.6
19:48:31 76.3
SCALE=C
19:48:38 23.7
19:48:45 24.4
19:48:52 24.2
19:48:59 23.5
19:49:06 24.0
19:49:13 23.9
19:49:20 23.6
SCALE=F
19:49:27 73.7
19:49:34 73.9
19:49:41 74.9
19:49:48 74.3
19:49:55 73.7
19:50:02 74.3
19:50:09 74.2
PERIOD=3
19:50:16 73.3
19:50:19 74.7
19:50:22 74.5
STOP E I
19:50:25 74.3
STOP
PERIOD=008
SCALE=A I
DISP N
STOP
SCALE=C
START
19:51:02 23.3
19:51:10 22.9
19:51:18 22.6
19:51:26 23.1
19:51:34 22.9
19:51:42 23.3
19:51:50 22.5
19:51:58 22.4
START E I
19:52:06 23.1
19:52:14 22.5
19:52:22 23.3
19:52:30 22.4
19:52:38 23.0
19:52:46 22.4
19:52:54 23.1
19:53:02 22.7
PERIOD=06
19:53:10 23.1
19:53:16 23.3
19:53:22 22.7
19:53:28 22.3
19:53:34 22.7
19:53:40 23.2
DISP Y
19:53:46 23.2
19:53:52 22.4
19:53:58 22.4
19:54:04 22.9
19:54:10 23.0
19:54:16 22.5
DISP M I
19:54:22 22.4
19:54:28 23.3
19:54:34 23.3
19:54:40 23.3
19:54:46 23.3
19:54:52 23.3
SCALE=C
19:54:58 23.3
19:55:04 23.1
19:55:10 22.8
19:55:16 23.3
19:55:22 22.9
19:55:28 23.2
START
19:55:34 22.5
19:55:40 22.7
19:55:46 23.3
19:55:52 22.9
19:55:58 23.0
19:56:04 23.3
SCALE=F
19:56:10 73.0
19:56:16 74.0
19:56:22 74.0
19:56:28 73.6
19:56:34 74.0
19:56:40 73.9
PERIOD=0004
19:56:47 74.0
19:56:51 73.7
19:56:55 74.2
19:56:59 74.3
STOP
OFF
