19:58:13 61.6
19:58:14 73.4
19:58:15 74.2
19:58:16 74.0
19:58:17 74.3
19:58:18 73.4
19:58:19 73.9
19:58:20 73.1
19:58:21 74.3
19:58:22 72.9
19:58:23 74.3
19:58:24 73.1
19:58:25 73.7
19:58:26 72.9
19:58:27 74.0
19:58:28 73.9
19:58:29 72.9
19:58:31 74.0
19:58:32 73.0
19:58:33 74.3
19:58:34 73.1
19:58:35 73.7
19:58:36 73.4
19:58:37 73.4
19:58:38 73.4
19:58:39 75.6
19:58:40 76.3
19:58:41 82.1
19:58:42 83.3
19:58:43 85.1
19:58:44 86.7
19:58:45 85.3
19:58:46 86.7
19:58:47 89.6
19:58:48 87.9
19:58:49 87.6
19:58:50 88.4
19:58:51 87.1
19:58:52 87.7
19:58:53 87.6
19:58:54 86.0
19:58:55 85.3
19:58:56 86.4
19:58:57 85.7
19:58:58 84.7
19:58:59 85.0
19:59:00 84.7
19:59:01 85.3
19:59:02 85.0
19:59:03 84.1
19:59:04 84.7
19:59:05 84.4
19:59:06 83.8
19:59:07 83.9
19:59:08 83.5
19:59:09 83.0
19:59:10 82.1
19:59:11 82.4
19:59:12 83.2
19:59:13 82.0
19:59:14 81.5
19:59:15 83.0
19:59:16 82.3
19:59:17 81.7
19:59:18 82.3
19:59:19 82.1
19:59:20 81.4
19:59:21 82.0
19:59:22 80.8
19:59:23 80.5
19:59:24 80.8
19:59:25 80.2
19:59:26 80.0
19:59:27 81.1
19:59:28 81.2
19:59:29 80.6
19:59:30 80.9
