20:00:12 76.6
20:00:15 77.1
20:00:18 75.9
20:00:21 77.4
20:00:24 75.6
20:00:27 75.8
START
20:00:30 76.6
20:00:33 76.3
20:00:36 75.2
20:00:39 75.8
20:00:42 76.5
20:00:45 75.0
PERIOD=7
20:00:48 75.3
20:00:55 75.8
20:01:02 74.5
20:01:09 74.3
20:01:16 75.3
20:01:23 74.0
20:01:30 74.2
DISP Y
20:01:37 74.9
20:01:44 73.6
20:01:51 73.7
20:01:58 74.2
20:02:05 73.4
20:02:12 73.6
20:02:19 73.6
SCALE=C
20:02:26 23.3
20:02:33 23.1
20:02:40 23.6
20:02:47 23.0
20:02:54 22.7
20:03:01 22.9
20:03:08 23.4
SCALE=F
20:03:15 73.9
20:03:22 73.0
20:03:29 74.0
20:03:36 72.6
20:03:43 73.9
20:03:50 72.7
20:03:57 72.6
PERIOD=3
20:04:04 72.7
20:04:07 73.1
20:04:10 72.6
STOP E I
20:04:13 73.1
STOP
PERIOD=008
SCALE=A I
DISP N
STOP
SCALE=C
START
20:04:46 23.2
20:04:54 22.7
20:05:02 23.3
20:05:10 23.0
20:05:18 23.0
20:05:26 23.3
20:05:34 22.7
20:05:42 22.9
START E I
20:05:50 23.1
20:05:58 22.8
20:06:06 23.3
20:06:14 23.3
20:06:22 22.8
20:06:30 23.1
20:06:38 22.8
20:06:46 22.9
PERIOD=06
20:06:54 23.5
20:07:00 23.0
20:07:06 22.9
20:07:12 23.4
20:07:18 22.8
20:07:24 23.0
DISP Y
20:07:30 23.4
20:07:36 22.9
20:07:42 22.7
20:07:48 23.4
20:07:54 23.4
20:08:00 23.0
DISP M I
20:08:06 23.2
20:08:12 22.6
20:08:18 22.7
20:08:24 23.0
20:08:30 22.7
20:08:36 22.8
SCALE=C
20:08:42 22.9
20:08:48 23.2
20:08:54 22.9
20:09:00 23.1
20:09:06 22.5
20:09:12 22.9
START
20:09:18 23.2
20:09:24 22.4
20:09:30 23.2
20:09:36 22.5
20:09:42 22.5
20:09:48 22.4
SCALE=F
20:09:54 73.3
20:10:00 73.3
20:10:06 73.4
20:10:12 72.6
20:10:18 73.4
20:10:24 72.9
PERIOD=0004
20:10:30 73.0
20:10:35 72.3
20:10:39 73.3
20:10:43 72.4
STOP
OFF
